0 info it worked if it ends with ok
1 verbose cli [
1 verbose cli   'C:\\Program Files\\nodejs\\node.exe',
1 verbose cli   'C:\\Program Files\\nodejs\\node_modules\\npm\\bin\\npm-cli.js',
1 verbose cli   'run',
1 verbose cli   'dev'
1 verbose cli ]
2 info using npm@6.14.5
3 info using node@v12.14.0
4 verbose run-script [ 'predev', 'dev', 'postdev' ]
5 info lifecycle home@1.0.0~predev: home@1.0.0
6 info lifecycle home@1.0.0~dev: home@1.0.0
7 verbose lifecycle home@1.0.0~dev: unsafe-perm in lifecycle true
8 verbose lifecycle home@1.0.0~dev: PATH: C:\Program Files\nodejs\node_modules\npm\node_modules\npm-lifecycle\node-gyp-bin;C:\Users\xuchan\Desktop\新建文件夹 (2)\home\node_modules\.bin;C:\Windows\system32;C:\Windows;C:\Windows\System32\Wbem;C:\Windows\System32\WindowsPowerShell\v1.0\;C:\Windows\System32\OpenSSH\;C:\Program Files\TortoiseGit\bin;C:\Program Files\Git\cmd;C:\Program Files\nodejs\;C:\Program Files\MySQL\MySQL Server 5.5\bin;C:\Users\xuchan\AppData\Local\Microsoft\WindowsApps;;C:\Users\xuchan\AppData\Roaming\npm;C:\Users\xuchan\AppData\Local\Programs\Microsoft VS Code\bin;C:\Program Files\Bandizip\
9 verbose lifecycle home@1.0.0~dev: CWD: C:\Users\xuchan\Desktop\新建文件夹 (2)\home
10 silly lifecycle home@1.0.0~dev: Args: [
10 silly lifecycle   '/d /s /c',
10 silly lifecycle   'webpack-dev-server --inline --progress --config build/webpack.dev.conf.js'
10 silly lifecycle ]
11 silly lifecycle home@1.0.0~dev: Returned: code: 1  signal: null
12 info lifecycle home@1.0.0~dev: Failed to exec dev script
13 verbose stack Error: home@1.0.0 dev: `webpack-dev-server --inline --progress --config build/webpack.dev.conf.js`
13 verbose stack Exit status 1
13 verbose stack     at EventEmitter.<anonymous> (C:\Program Files\nodejs\node_modules\npm\node_modules\npm-lifecycle\index.js:332:16)
13 verbose stack     at EventEmitter.emit (events.js:210:5)
13 verbose stack     at ChildProcess.<anonymous> (C:\Program Files\nodejs\node_modules\npm\node_modules\npm-lifecycle\lib\spawn.js:55:14)
13 verbose stack     at ChildProcess.emit (events.js:210:5)
13 verbose stack     at maybeClose (internal/child_process.js:1021:16)
13 verbose stack     at Process.ChildProcess._handle.onexit (internal/child_process.js:283:5)
14 verbose pkgid home@1.0.0
15 verbose cwd C:\Users\xuchan\Desktop\新建文件夹 (2)\home
16 verbose Windows_NT 10.0.17763
17 verbose argv "C:\\Program Files\\nodejs\\node.exe" "C:\\Program Files\\nodejs\\node_modules\\npm\\bin\\npm-cli.js" "run" "dev"
18 verbose node v12.14.0
19 verbose npm  v6.14.5
20 error code ELIFECYCLE
21 error errno 1
22 error home@1.0.0 dev: `webpack-dev-server --inline --progress --config build/webpack.dev.conf.js`
22 error Exit status 1
23 error Failed at the home@1.0.0 dev script.
23 error This is probably not a problem with npm. There is likely additional logging output above.
24 verbose exit [ 1, true ]
